<?xml version="1.0" encoding="UTF-8"?>
<testng-results skipped="0" failed="0" ignored="0" total="1" passed="1">
  <reporter-output>
  </reporter-output>
  <suite name="Default suite" duration-ms="20404" started-at="2021-12-09T00:03:06 EST" finished-at="2021-12-09T00:03:26 EST">
    <groups>
    </groups>
    <test name="Default test" duration-ms="20404" started-at="2021-12-09T00:03:06 EST" finished-at="2021-12-09T00:03:26 EST">
      <class name="com.FaceBook.Test.CreateAccountFB">
        <test-method status="PASS" signature="beforeMethod()[pri:0, instance:com.FaceBook.Test.CreateAccountFB@76b0bfab]" name="beforeMethod" is-config="true" duration-ms="3651" started-at="2021-12-09T00:03:06 EST" finished-at="2021-12-09T00:03:09 EST">
          <reporter-output>
          </reporter-output>
        </test-method> <!-- beforeMethod -->
        <test-method status="PASS" signature="testFbSignUp()[pri:0, instance:com.FaceBook.Test.CreateAccountFB@76b0bfab]" name="testFbSignUp" duration-ms="12504" started-at="2021-12-09T00:03:09 EST" finished-at="2021-12-09T00:03:22 EST">
          <reporter-output>
          </reporter-output>
        </test-method> <!-- testFbSignUp -->
        <test-method status="PASS" signature="afterMethod()[pri:0, instance:com.FaceBook.Test.CreateAccountFB@76b0bfab]" name="afterMethod" is-config="true" duration-ms="4184" started-at="2021-12-09T00:03:22 EST" finished-at="2021-12-09T00:03:26 EST">
          <reporter-output>
          </reporter-output>
        </test-method> <!-- afterMethod -->
      </class> <!-- com.FaceBook.Test.CreateAccountFB -->
    </test> <!-- Default test -->
  </suite> <!-- Default suite -->
</testng-results>
