<?xml version="1.0" encoding="UTF-8"?>
<!-- Generated by org.testng.reporters.JUnitXMLReporter -->
<testsuite hostname="DESKTOP-G5OR1MT" ignored="0" name="Test" tests="22" failures="5" timestamp="2021-08-24T11:06:26 EDT" time="17.727" errors="0">
  <testcase name="checkContentType" time="0.324" classname="com.employeeapi.testcases.TC004_Put_Employee_Record"/>
  <testcase name="checkStatusCode" time="0.006" classname="com.employeeapi.testcases.TC004_Put_Employee_Record">
    <failure type="java.lang.AssertionError" message="expected [200] but found [405]">
      <![CDATA[java.lang.AssertionError: expected [200] but found [405]
at com.employeeapi.testcases.TC004_Put_Employee_Record.checkStatusCode(TC004_Put_Employee_Record.java:48)
at java.util.ArrayList.forEach(ArrayList.java:1249)
... Removed 34 stack frames]]>
    </failure>
  </testcase> <!-- checkStatusCode -->
  <testcase name="checkresponseBody" time="0.019" classname="com.employeeapi.testcases.TC004_Put_Employee_Record"/>
  <testcase name="checkContentType" time="0.001" classname="com.employeeapi.testcases.TC003_Post_Employee_Record"/>
  <testcase name="checkStatusCode" time="0.003" classname="com.employeeapi.testcases.TC003_Post_Employee_Record"/>
  <testcase name="checkresponseBody" time="0.006" classname="com.employeeapi.testcases.TC003_Post_Employee_Record"/>
  <testcase name="checkContentType" time="0.006" classname="com.employeeapi.testcases.TC005_Delete_Employee_Record"/>
  <testcase name="checkStatusCode" time="0.002" classname="com.employeeapi.testcases.TC005_Delete_Employee_Record"/>
  <testcase name="checkContentType" time="0.002" classname="com.employeeapi.testcases.TC002_Get_Single_Employee_Record">
    <failure type="java.lang.AssertionError" message="expected [application/json] but found [text/html; charset=UTF-8]">
      <![CDATA[java.lang.AssertionError: expected [application/json] but found [text/html; charset=UTF-8]
at com.employeeapi.testcases.TC002_Get_Single_Employee_Record.checkContentType(TC002_Get_Single_Employee_Record.java:43)
at java.util.ArrayList.forEach(ArrayList.java:1249)
... Removed 34 stack frames]]>
    </failure>
  </testcase> <!-- checkContentType -->
  <testcase name="checkResponseBody" time="0.003" classname="com.employeeapi.testcases.TC002_Get_Single_Employee_Record">
    <failure type="java.lang.AssertionError" message="expected [true] but found [false]">
      <![CDATA[java.lang.AssertionError: expected [true] but found [false]
at com.employeeapi.testcases.TC002_Get_Single_Employee_Record.checkResponseBody(TC002_Get_Single_Employee_Record.java:28)
at java.util.ArrayList.forEach(ArrayList.java:1249)
... Removed 34 stack frames]]>
    </failure>
  </testcase> <!-- checkResponseBody -->
  <testcase name="checkResponseTime" time="0.001" classname="com.employeeapi.testcases.TC002_Get_Single_Employee_Record"/>
  <testcase name="checkStatusCode" time="0.002" classname="com.employeeapi.testcases.TC002_Get_Single_Employee_Record">
    <failure type="java.lang.AssertionError" message="expected [200] but found [429]">
      <![CDATA[java.lang.AssertionError: expected [200] but found [429]
at com.employeeapi.testcases.TC002_Get_Single_Employee_Record.checkStatusCode(TC002_Get_Single_Employee_Record.java:36)
at java.util.ArrayList.forEach(ArrayList.java:1249)
... Removed 34 stack frames]]>
    </failure>
  </testcase> <!-- checkStatusCode -->
  <testcase name="checkcontentEncoding" time="0.004" classname="com.employeeapi.testcases.TC002_Get_Single_Employee_Record">
    <failure type="java.lang.AssertionError" message="expected [gzip] but found [null]">
      <![CDATA[java.lang.AssertionError: expected [gzip] but found [null]
at com.employeeapi.testcases.TC002_Get_Single_Employee_Record.checkcontentEncoding(TC002_Get_Single_Employee_Record.java:65)
at java.util.ArrayList.forEach(ArrayList.java:1249)
... Removed 34 stack frames]]>
    </failure>
  </testcase> <!-- checkcontentEncoding -->
  <testcase name="checkserverType" time="0.002" classname="com.employeeapi.testcases.TC002_Get_Single_Employee_Record"/>
  <testcase name="checkContentType" time="0.001" classname="com.employeeapi.testcases.TC001_Get_All_Employees"/>
  <testcase name="checkCookies" time="0.002" classname="com.employeeapi.testcases.TC001_Get_All_Employees"/>
  <testcase name="checkStatusCode" time="0.002" classname="com.employeeapi.testcases.TC001_Get_All_Employees"/>
  <testcase name="checkStatusLine" time="0.003" classname="com.employeeapi.testcases.TC001_Get_All_Employees"/>
  <testcase name="checkcontentEncoding" time="0.003" classname="com.employeeapi.testcases.TC001_Get_All_Employees"/>
  <testcase name="checkcontentLength" time="0.002" classname="com.employeeapi.testcases.TC001_Get_All_Employees"/>
  <testcase name="checkresponseBody" time="0.005" classname="com.employeeapi.testcases.TC001_Get_All_Employees"/>
  <testcase name="checkserverType" time="0.004" classname="com.employeeapi.testcases.TC001_Get_All_Employees"/>
</testsuite> <!-- Test -->
