<?xml version="1.0" encoding="UTF-8"?>
<!-- Generated by org.testng.reporters.JUnitXMLReporter -->
<testsuite hostname="DESKTOP-G5OR1MT" ignored="0" name="Test" tests="2" failures="0" timestamp="2021-06-08T19:20:46 EDT" time="5.739" errors="0">
  <testcase name="loginTest" time="1.677" classname="com.ebanking.test.scripts.LogIn_test"/>
  <testcase name="logInDDT" time="0.0" classname="com.ebanking.test.scripts.DataDrivenTest">
    <skipped/>
  </testcase> <!-- logInDDT -->
</testsuite> <!-- Test -->
